2025-06-15T04:45:09+00:00 DEBUG #5936 - [New Request] GET /index.php
2025-06-15T04:45:09+00:00 DEBUG #5936 - GET https://api.woocommerce.com/integrations/ppc/v1/notifications/webhooks
Response: Array
(
    [code] => 404
    [message] => Not Found
)

Response Body: {"statusCode":404,"error":"Not Found","message":"Not Found"}
2025-06-15T04:45:09+00:00 ERROR #5936 - Failed to delete webhooks: [Error] Not Found
2025-06-15T04:45:09+00:00 INFO #5936 - Webhooks deleted.
2025-06-15T04:45:10+00:00 DEBUG #5936 - POST https://api.woocommerce.com/integrations/ppc/v1/notifications/webhooks
Request Body: {"url":"https:\/\/westpace.lndo.site\/index.php?rest_route=\/paypal\/v1\/incoming","event_types":[{"name":"CHECKOUT.ORDER.APPROVED"},{"name":"CHECKOUT.ORDER.COMPLETED"},{"name":"CHECKOUT.PAYMENT-APPROVAL.REVERSED"},{"name":"PAYMENT.CAPTURE.REFUNDED"},{"name":"PAYMENT.AUTHORIZATION.VOIDED"},{"name":"PAYMENT.CAPTURE.REVERSED"},{"name":"PAYMENT.ORDER.CANCELLED"},{"name":"PAYMENT.CAPTURE.DENIED"},{"name":"PAYMENT.CAPTURE.COMPLETED"},{"name":"VAULT.PAYMENT-TOKEN.CREATED"},{"name":"VAULT.PAYMENT-TOKEN.DELETED"},{"name":"PAYMENT.CAPTURE.PENDING"},{"name":"PAYMENT.SALE.COMPLETED"},{"name":"PAYMENT.SALE.REFUNDED"},{"name":"BILLING.SUBSCRIPTION.CANCELLED"},{"name":"BILLING.PLAN.PRICING-CHANGE.ACTIVATED"},{"name":"CATALOG.PRODUCT.UPDATED"},{"name":"BILLING.PLAN.UPDATED"}]}
Response: Array
(
    [code] => 404
    [message] => Not Found
)

Response Body: {"statusCode":404,"error":"Not Found","message":"Not Found"}
2025-06-15T04:45:10+00:00 ERROR #5936 - Failed to subscribe webhooks: [Error] Not Found
2025-06-15T04:45:58+00:00 DEBUG #7588 - [New Request] GET /index.php
2025-06-15T04:45:58+00:00 DEBUG #7588 - GET https://api.woocommerce.com/integrations/ppc/v1/notifications/webhooks
Response: Array
(
    [code] => 404
    [message] => Not Found
)

Response Body: {"statusCode":404,"error":"Not Found","message":"Not Found"}
2025-06-15T04:46:17+00:00 DEBUG #9769 - [New Request] POST /index.php
2025-06-15T04:46:17+00:00 INFO #9769 - Generating onboarding URL for: production-express_checkout-
2025-06-15T04:46:18+00:00 DEBUG #9769 - POST https://api.woocommerce.com/integrations/ppc/v2/customer/partner-referrals
Request Body: {"partner_config_override":{"return_url":"https:\/\/westpace.lndo.site\/wp-admin\/admin.php?page=wc-settings&tab=checkout&section=ppcp-gateway&ppcpToken=eyJrIjoicHJvZHVjdGlvbi1leHByZXNzX2NoZWNrb3V0LSIsInUiOjEsImgiOiI4NzFkMTYwMmQyNzIxYTE2MjUzZGIzODAyNjc5MjdlYiJ9","return_url_description":"Return to your shop.","show_add_credit_card":false},"products":["EXPRESS_CHECKOUT"],"legal_consents":[{"type":"SHARE_DATA_CONSENT","granted":true}],"operations":[{"operation":"API_INTEGRATION","api_integration_preference":{"rest_api_integration":{"integration_method":"PAYPAL","integration_type":"FIRST_PARTY","first_party_details":{"features":["PAYMENT","REFUND","ADVANCED_TRANSACTIONS_SEARCH","TRACKING_SHIPMENT_READWRITE","BILLING_AGREEMENT"],"seller_nonce":"a1233wtergfsdt4365tzrshgfbaewa36AGa1233wtergfsdt4365tzrshgfbaewa36AG"}}}}]}
Response Debug ID: 0ec52a85c00a4
Response: Array
(
    [code] => 201
    [message] => Created
)

